Market Buy	12664 VET		
0.121704 USD/VET
1550.633684 USD *
76 VET
Completed	20/05/21 9:29 PM	
Market Sell	6.3200 BNB *		
464.835225 USD/BNB
2920.102713 USD
17.655908 USD
Completed	23/04/21 12:30 PM	
Market Buy	6.3193 BNB		
563.295940 USD/BNB
3581.165985 USD *
0.0381 BNB
Completed	15/04/21 2:41 AM	
Market Sell	1200.0 HBAR *		
0.379912 USD/HBAR
453.158071 USD
2.736644 USD
Completed	14/04/21 12:14 PM	
Market Sell	20000 VET *		
0.157344 USD/VET
3128.007913 USD
18.890568 USD
Completed	14/04/21 12:14 PM	
Market Buy	128.7 THETA		
11.652421 USD/THETA
1509.100000 USD *
0.7 THETA
Completed	05/04/21 2:08 PM	
Market Buy	5.85 ICX		
2.548599 USD/ICX
15.000000 USD *
0.03 ICX
Completed	05/04/21 2:08 PM	
Market Buy	165.26 ICX		
2.830212 USD/ICX
470.573164 USD *
0.99 ICX
Completed	30/03/21 1:50 PM	
Market Sell	1176 TFUEL *		
0.402562 USD/TFUEL
470.573164 USD
2.840481 USD
Completed	30/03/21 1:49 PM	
Market Buy	1176 TFUEL		
0.327631 USD/TFUEL
387.744498 USD *
7 TFUEL
Completed	21/03/21 7:50 PM	
Market Sell	2.000000 LTC *		
195.042392 USD/LTC
387.744498 USD
2.340286 USD
Completed	21/03/21 7:49 PM	
Market Buy	63722 VET		
0.068718 USD/VET
4405.373744 USD *
384 VET
Completed	12/03/21 8:03 AM	
Market Buy	31929 VET		
0.062262 USD/VET
2000.000000 USD *
192 VET
Completed	10/03/21 2:32 PM	
Market Sell	13.41 AVAX *		
33.464022 USD/AVAX
446.060161 USD
2.692386 USD
Completed	10/03/21 9:38 AM	
Market Sell	345.74 DOT *		
33.344255 USD/DOT
11459.313582 USD
69.129251 USD
Completed	06/03/21 4:46 PM	
Market Buy	13.41 AVAX		
28.067248 USD/AVAX
378.715000 USD *
0.08 AVAX
Completed	04/03/21 1:56 PM	
Market Buy	2774.3 HBAR		
0.143314 USD/HBAR
400.000000 USD *
16.7 HBAR
Completed	04/03/21 1:55 PM	
Market Buy	2.000000 LTC *		
184.547460 USD/LTC
371.311409 USD
2.216489 USD
Completed	25/02/21 12:48 PM	
Market Sell	4.8200 BNB *		
255.341010 USD/BNB
1223.358039 USD
7.385633 USD
Completed	25/02/21 12:47 PM	
Market Buy	4.8257 BNB		
313.905501 USD/BNB
1523.946669 USD *
0.0290 BNB
Completed	20/02/21 1:39 AM	
Market Sell	2777.5 XRP *		
0.551987 USD/XRP
1523.946669 USD
9.199749 USD
Completed	20/02/21 1:38 AM	
Market Sell	8000.0 XRP *		
0.525892 USD/XRP
4181.892656 USD
25.250436 USD
Completed	19/02/21 3:47 PM	
Market Buy	1645.9 XRP		
0.465920 USD/XRP
771.520404 USD *
9.9 XRP
Completed	09/02/21 11:09 PM	
Market Buy	345.86 DOT		
21.554874 USD/DOT
7500.000000 USD *
2.08 DOT
Completed	04/02/21 6:24 PM	
Market Sell	20000.0 XRP *		
0.390603 USD/XRP
7765.203451 USD
46.867508 USD
Completed	04/02/21 6:23 PM	
Market Sell	10000.0 XRP *		
0.478953 USD/XRP
4760.770600 USD
28.767957 USD
Completed	31/01/21 11:49 PM	
Market Sell	10000.0 XRP *		
0.284575 USD/XRP
2828.679849 USD
17.074748 USD
Completed	30/01/21 11:18 AM	
Market Buy	20600.3 XRP		
0.182666 USD/XRP
3785.717348 USD *
124.4 XRP
Completed	30/12/20 3:47 AM	
Market Buy	30177.6 XRP		
0.248188 USD/XRP
7534.954891 USD *
182.1 XRP
Completed	24/12/20 9:11 AM	
Market Sell	26.90400 ETH *		
243.346439 USD/ETH
6507.710653 USD
39.281955 USD
Completed	22/07/20 4:18 PM	
Market Buy	26.90411 ETH		
224.063683 USD/ETH
6064.622571 USD *
0.16239 ETH
Completed	28/06/20 7:45 PM	
Market Sell	34750.0 XRP *		
0.175574 USD/XRP
6064.622571 USD
36.607448 USD
Completed	28/06/20 4:36 PM
